  [1m[35m (297.0ms)[0m  [1m[35mCREATE DATABASE "House_development" ENCODING = 'unicode'[0m
  ↳ /Users/youngchullim/.rbenv/versions/2.5.1/bin/rake:23
  [1m[35m (300.9ms)[0m  [1m[35mCREATE DATABASE "House_test" ENCODING = 'unicode'[0m
  ↳ /Users/youngchullim/.rbenv/versions/2.5.1/bin/rake:23
  [1m[35m (2.0ms)[0m  [1m[35mCREATE DATABASE "House_development" ENCODING = 'unicode'[0m
  ↳ /Users/youngchullim/.rbenv/versions/2.5.1/bin/rake:23
  [1m[35m (0.8ms)[0m  [1m[35mCREATE DATABASE "House_test" ENCODING = 'unicode'[0m
  ↳ /Users/youngchullim/.rbenv/versions/2.5.1/bin/rake:23
  [1m[35m (5.9ms)[0m  [1m[35mCREATE TABLE "schema_migrations" ("version" character varying NOT NULL PRIMARY KEY)[0m
  ↳ /Users/youngchullim/.rbenv/versions/2.5.1/bin/rake:23
  [1m[35m (3.6ms)[0m  [1m[35mCREATE TABLE "ar_internal_metadata" ("key" character varying NOT NULL PRIMARY KEY, "value" character varying, "created_at" timestamp NOT NULL, "updated_at" timestamp NOT NULL)[0m
  ↳ /Users/youngchullim/.rbenv/versions/2.5.1/bin/rake:23
  [1m[35m (0.3ms)[0m  [1m[34mSELECT pg_try_advisory_lock(4983339239888974545)[0m
  ↳ /Users/youngchullim/.rbenv/versions/2.5.1/bin/rake:23
  [1m[35m (0.7ms)[0m  [1m[34mSELECT "schema_migrations"."version" FROM "schema_migrations" ORDER BY "schema_migrations"."version" ASC[0m
  ↳ /Users/youngchullim/.rbenv/versions/2.5.1/bin/rake:23
Migrating to CreatePeople (20190123050333)
  [1m[35m (0.2ms)[0m  [1m[35mBEGIN[0m
  ↳ /Users/youngchullim/.rbenv/versions/2.5.1/bin/rake:23
  [1m[35m (4.3ms)[0m  [1m[35mCREATE TABLE "people" ("id" bigserial primary key, "name" character varying NOT NULL, "house_id" integer NOT NULL, "created_at" timestamp NOT NULL, "updated_at" timestamp NOT NULL)[0m
  ↳ db/migrate/20190123050333_create_people.rb:3
  [1m[36mActiveRecord::SchemaMigration Create (0.6ms)[0m  [1m[32mINSERT INTO "schema_migrations" ("version") VALUES ($1) RETURNING "version"[0m  [["version", "20190123050333"]]
  ↳ /Users/youngchullim/.rbenv/versions/2.5.1/bin/rake:23
  [1m[35m (0.4ms)[0m  [1m[35mCOMMIT[0m
  ↳ /Users/youngchullim/.rbenv/versions/2.5.1/bin/rake:23
Migrating to CreateHousees (20190123050756)
  [1m[35m (0.3ms)[0m  [1m[35mBEGIN[0m
  ↳ /Users/youngchullim/.rbenv/versions/2.5.1/bin/rake:23
  [1m[35m (3.6ms)[0m  [1m[35mCREATE TABLE "housees" ("id" bigserial primary key, "address" character varying NOT NULL, "created_at" timestamp NOT NULL, "updated_at" timestamp NOT NULL)[0m
  ↳ db/migrate/20190123050756_create_housees.rb:3
  [1m[36mActiveRecord::SchemaMigration Create (0.3ms)[0m  [1m[32mINSERT INTO "schema_migrations" ("version") VALUES ($1) RETURNING "version"[0m  [["version", "20190123050756"]]
  ↳ /Users/youngchullim/.rbenv/versions/2.5.1/bin/rake:23
  [1m[35m (0.3ms)[0m  [1m[35mCOMMIT[0m
  ↳ /Users/youngchullim/.rbenv/versions/2.5.1/bin/rake:23
  [1m[36mActiveRecord::InternalMetadata Load (0.5ms)[0m  [1m[34mSELECT  "ar_internal_metadata".* FROM "ar_internal_metadata" WHERE "ar_internal_metadata"."key" = $1 LIMIT $2[0m  [["key", "environment"], ["LIMIT", 1]]
  ↳ /Users/youngchullim/.rbenv/versions/2.5.1/bin/rake:23
  [1m[35m (0.1ms)[0m  [1m[35mBEGIN[0m
  ↳ /Users/youngchullim/.rbenv/versions/2.5.1/bin/rake:23
  [1m[36mActiveRecord::InternalMetadata Create (0.7ms)[0m  [1m[32mINSERT INTO "ar_internal_metadata" ("key", "value", "created_at", "updated_at") VALUES ($1, $2, $3, $4) RETURNING "key"[0m  [["key", "environment"], ["value", "development"], ["created_at", "2019-01-23 05:10:08.994089"], ["updated_at", "2019-01-23 05:10:08.994089"]]
  ↳ /Users/youngchullim/.rbenv/versions/2.5.1/bin/rake:23
  [1m[35m (0.2ms)[0m  [1m[35mCOMMIT[0m
  ↳ /Users/youngchullim/.rbenv/versions/2.5.1/bin/rake:23
  [1m[35m (0.2ms)[0m  [1m[34mSELECT pg_advisory_unlock(4983339239888974545)[0m
  ↳ /Users/youngchullim/.rbenv/versions/2.5.1/bin/rake:23
  [1m[35m (0.9ms)[0m  [1m[34mSELECT "schema_migrations"."version" FROM "schema_migrations" ORDER BY "schema_migrations"."version" ASC[0m
  ↳ /Users/youngchullim/.rbenv/versions/2.5.1/bin/rake:23
  [1m[35m (0.2ms)[0m  [1m[35mBEGIN[0m
  [1m[36mHousee Load (0.6ms)[0m  [1m[34mSELECT  "housees".* FROM "housees" WHERE "housees"."id" = $1 LIMIT $2[0m  [["id", 2], ["LIMIT", 1]]
  [1m[35m (0.3ms)[0m  [1m[31mROLLBACK[0m
  [1m[35m (0.2ms)[0m  [1m[35mBEGIN[0m
  [1m[36mHousee Create (0.9ms)[0m  [1m[32mINSERT INTO "housees" ("address", "created_at", "updated_at") VALUES ($1, $2, $3) RETURNING "id"[0m  [["address", "123 hello st"], ["created_at", "2019-01-23 05:24:47.754246"], ["updated_at", "2019-01-23 05:24:47.754246"]]
  [1m[35m (0.5ms)[0m  [1m[35mCOMMIT[0m
  [1m[35m (0.2ms)[0m  [1m[35mBEGIN[0m
  [1m[35m (0.2ms)[0m  [1m[31mROLLBACK[0m
  [1m[35m (0.3ms)[0m  [1m[35mBEGIN[0m
  [1m[36mPerson Create (1.0ms)[0m  [1m[32mINSERT INTO "people" ("name", "house_id", "created_at", "updated_at") VALUES ($1, $2, $3, $4) RETURNING "id"[0m  [["name", "Young"], ["house_id", 1], ["created_at", "2019-01-23 05:25:16.206269"], ["updated_at", "2019-01-23 05:25:16.206269"]]
  [1m[35m (0.5ms)[0m  [1m[35mCOMMIT[0m
  [1m[36mPerson Load (0.4ms)[0m  [1m[34mSELECT "people".* FROM "people" WHERE "people"."house_id" = $1[0m  [["house_id", 1]]
  [1m[35m (0.2ms)[0m  [1m[35mBEGIN[0m
  [1m[36mHousee Load (0.3ms)[0m  [1m[34mSELECT  "housees".* FROM "housees" WHERE "housees"."id" = $1 LIMIT $2[0m  [["id", 1], ["LIMIT", 1]]
  [1m[36mPerson Create (0.3ms)[0m  [1m[32mINSERT INTO "people" ("name", "house_id", "created_at", "updated_at") VALUES ($1, $2, $3, $4) RETURNING "id"[0m  [["name", "Young"], ["house_id", 1], ["created_at", "2019-01-23 05:30:19.412340"], ["updated_at", "2019-01-23 05:30:19.412340"]]
  [1m[35m (1.2ms)[0m  [1m[35mCOMMIT[0m
  [1m[35m (0.2ms)[0m  [1m[35mBEGIN[0m
  [1m[36mHousee Create (0.4ms)[0m  [1m[32mINSERT INTO "housees" ("address", "created_at", "updated_at") VALUES ($1, $2, $3) RETURNING "id"[0m  [["address", "112321 hello st"], ["created_at", "2019-01-23 05:30:23.191448"], ["updated_at", "2019-01-23 05:30:23.191448"]]
  [1m[35m (1.4ms)[0m  [1m[35mCOMMIT[0m
  [1m[35m (0.2ms)[0m  [1m[35mBEGIN[0m
  [1m[36mPerson Update (0.5ms)[0m  [1m[33mUPDATE "people" SET "house_id" = $1, "updated_at" = $2 WHERE "people"."id" = $3[0m  [["house_id", 2], ["updated_at", "2019-01-23 05:33:12.154554"], ["id", 2]]
  [1m[35m (1.2ms)[0m  [1m[35mCOMMIT[0m
  [1m[35m (0.2ms)[0m  [1m[35mBEGIN[0m
  [1m[35m (0.2ms)[0m  [1m[35mCOMMIT[0m
  [1m[35m (0.2ms)[0m  [1m[35mBEGIN[0m
  [1m[35m (0.2ms)[0m  [1m[35mCOMMIT[0m
